[INFO] Scanning for projects...
[INFO] 
[INFO] Using the builder org.apache.maven.lifecycle.internal.builder.singlethreaded.SingleThreadedBuilder with a thread count of 1
[INFO]                                                                         
[INFO] ------------------------------------------------------------------------
[INFO] Building SparkDemo 0.0.1-SNAPSHOT
[INFO] ------------------------------------------------------------------------
[INFO] 
[INFO] --- maven-resources-plugin:2.6:resources (default-resources) @ dem ---
[WARNING] Using platform encoding (Cp1252 actually) to copy filtered resources, i.e. build is platform dependent!
[INFO] Copying 61 resources
[INFO] 
[INFO] --- maven-compiler-plugin:2.5.1:compile (default-compile) @ dem ---
[INFO] Nothing to compile - all classes are up to date
[INFO] 
[INFO] --- maven-resources-plugin:2.6:testResources (default-testResources) @ dem ---
[WARNING] Using platform encoding (Cp1252 actually) to copy filtered resources, i.e. build is platform dependent!
[INFO] Copying 0 resource
[INFO] 
[INFO] --- maven-compiler-plugin:2.5.1:testCompile (default-testCompile) @ dem ---
[INFO] Nothing to compile - all classes are up to date
[INFO] 
[INFO] --- maven-surefire-plugin:2.12.4:test (default-test) @ dem ---
[INFO] 
[INFO] --- maven-jar-plugin:2.4:jar (default-jar) @ dem ---
[INFO] Building jar: D:\Workspace\Luna\SparkJava\SparkDemos\target\dem-0.0.1-SNAPSHOT.jar
[INFO] 
[INFO] --- maven-install-plugin:2.4:install (default-install) @ dem ---
[INFO] Installing D:\Workspace\Luna\SparkJava\SparkDemos\target\dem-0.0.1-SNAPSHOT.jar to C:\Users\veeresh_elango\.m2\repository\Demo\dem\0.0.1-SNAPSHOT\dem-0.0.1-SNAPSHOT.jar
[INFO] Installing D:\Workspace\Luna\SparkJava\SparkDemos\pom.xml to C:\Users\veeresh_elango\.m2\repository\Demo\dem\0.0.1-SNAPSHOT\dem-0.0.1-SNAPSHOT.pom
[INFO] ------------------------------------------------------------------------
[INFO] BUILD SUCCESS
[INFO] ------------------------------------------------------------------------
[INFO] Total time: 20.587 s
[INFO] Finished at: 2015-04-13T01:37:18+05:30
[INFO] Final Memory: 6M/17M
[INFO] ------------------------------------------------------------------------
